[0m2021.07.09 13:44:34 INFO  Started: Metals version 0.10.4 in workspace '/Users/juanmorales/source/cats-effects-playground/cats-effects-playgroud' for client Visual Studio Code 1.58.0.[0m
[0m2021.07.09 13:44:36 INFO  time: initialize in 1.99s[0m
[0m2021.07.09 13:44:36 WARN  Build server is not auto-connectable.[0m
[0m2021.07.09 13:44:36 WARN  no build target for: /Users/juanmorales/source/cats-effects-playground/cats-effects-playgroud/build.sbt[0m
[0m2021.07.09 13:44:38 INFO  running '/Library/Java/JavaVirtualMachines/jdk-11.0.11.jdk/Contents/Home/bin/java -Djline.terminal=jline.UnsupportedTerminal -Dsbt.log.noformat=true -Dfile.encoding=UTF-8 -jar /var/folders/6n/n9lkzbgj2h32lww0vnkwqmzh0000gp/T/metals5197459043903127106/sbt-launch.jar -Dbloop.export-jar-classifiers=sources bloopInstall'[0m
[0m2021.07.09 13:44:38 WARN  no build target for: /Users/juanmorales/source/cats-effects-playground/cats-effects-playgroud/project/metals.sbt[0m
[0m2021.07.09 13:44:38 WARN  no build target for: /Users/juanmorales/source/cats-effects-playground/cats-effects-playgroud/project/project/metals.sbt[0m
[0m2021.07.09 13:44:38 INFO  skipping build import with status 'Started'[0m
[0m2021.07.09 13:44:38 ERROR [info] [launcher] getting org.scala-sbt sbt 1.3.10  (this may take some time)...[0m
[0m2021.07.09 13:44:39 INFO  no build target: using presentation compiler with only scala-library: 2.12.14[0m
[0m2021.07.09 13:44:40 INFO  time: code lens generation in 1.59s[0m
[0m2021.07.09 13:44:40 INFO  time: code lens generation in 2.52s[0m
[0m2021.07.09 13:44:40 INFO  time: code lens generation in 4.51s[0m
[0m2021.07.09 13:45:03 ERROR downloading https://repo1.maven.org/maven2/org/scala-sbt/sbt/1.3.10/sbt-1.3.10.jar ...[0m
[0m2021.07.09 13:45:03 ERROR downloading https://repo1.maven.org/maven2/org/scala-lang/scala-library/2.12.10/scala-library-2.12.10.jar ...[0m
[0m2021.07.09 13:45:03 ERROR downloading https://repo1.maven.org/maven2/org/scala-sbt/io_2.12/1.3.4/io_2.12-1.3.4.jar ...[0m
[0m2021.07.09 13:45:03 ERROR downloading https://repo1.maven.org/maven2/org/scala-sbt/main_2.12/1.3.10/main_2.12-1.3.10.jar ...[0m
[0m2021.07.09 13:45:03 ERROR downloading https://repo1.maven.org/maven2/org/scala-sbt/logic_2.12/1.3.10/logic_2.12-1.3.10.jar ...[0m
[0m2021.07.09 13:45:03 ERROR downloading https://repo1.maven.org/maven2/org/scala-sbt/main-settings_2.12/1.3.10/main-settings_2.12-1.3.10.jar ...[0m
[0m2021.07.09 13:45:03 ERROR downloading https://repo1.maven.org/maven2/org/scala-sbt/command_2.12/1.3.10/command_2.12-1.3.10.jar ...[0m
[0m2021.07.09 13:45:03 ERROR downloading https://repo1.maven.org/maven2/org/scala-sbt/collections_2.12/1.3.10/collections_2.12-1.3.10.jar ...[0m
[0m2021.07.09 13:45:03 ERROR downloading https://repo1.maven.org/maven2/org/scala-sbt/scripted-sbt-redux_2.12/1.3.10/scripted-sbt-redux_2.12-1.3.10.jar ...[0m
[0m2021.07.09 13:45:03 ERROR downloading https://repo1.maven.org/maven2/org/scala-sbt/actions_2.12/1.3.10/actions_2.12-1.3.10.jar ...[0m
[0m2021.07.09 13:45:03 ERROR downloading https://repo1.maven.org/maven2/org/scala-sbt/run_2.12/1.3.10/run_2.12-1.3.10.jar ...[0m
[0m2021.07.09 13:45:03 ERROR downloading https://repo1.maven.org/maven2/org/scala-sbt/scripted-plugin_2.12/1.3.10/scripted-plugin_2.12-1.3.10.jar ...[0m
[0m2021.07.09 13:45:03 ERROR downloading https://repo1.maven.org/maven2/org/scala-sbt/zinc-lm-integration_2.12/1.3.10/zinc-lm-integration_2.12-1.3.10.jar ...[0m
[0m2021.07.09 13:45:03 ERROR downloading https://repo1.maven.org/maven2/org/scala-sbt/launcher-interface/1.1.3/launcher-interface-1.1.3.jar ...[0m
[0m2021.07.09 13:45:03 ERROR :: loading settings :: url = jar:file:/private/var/folders/6n/n9lkzbgj2h32lww0vnkwqmzh0000gp/T/metals5197459043903127106/sbt-launch.jar!/org/apache/ivy/core/settings/ivysettings.xml[0m
[0m2021.07.09 13:45:03 ERROR :: loading settings :: url = jar:file:/private/var/folders/6n/n9lkzbgj2h32lww0vnkwqmzh0000gp/T/metals5197459043903127106/sbt-launch.jar!/org/apache/ivy/core/settings/ivysettings.xml[0m
[0m2021.07.09 13:45:03 ERROR :: loading settings :: url = jar:file:/private/var/folders/6n/n9lkzbgj2h32lww0vnkwqmzh0000gp/T/metals5197459043903127106/sbt-launch.jar!/org/apache/ivy/core/settings/ivysettings.xml[0m
[0m2021.07.09 13:45:03 ERROR :: loading settings :: url = jar:file:/private/var/folders/6n/n9lkzbgj2h32lww0vnkwqmzh0000gp/T/metals5197459043903127106/sbt-launch.jar!/org/apache/ivy/core/settings/ivysettings.xml[0m
[0m2021.07.09 13:45:03 ERROR :: loading settings :: url = jar:file:/private/var/folders/6n/n9lkzbgj2h32lww0vnkwqmzh0000gp/T/metals5197459043903127106/sbt-launch.jar!/org/apache/ivy/core/settings/ivysettings.xml[0m
[0m2021.07.09 13:45:03 ERROR :: loading settings :: url = jar:file:/private/var/folders/6n/n9lkzbgj2h32lww0vnkwqmzh0000gp/T/metals5197459043903127106/sbt-launch.jar!/org/apache/ivy/core/settings/ivysettings.xml[0m
[0m2021.07.09 13:45:03 ERROR :: loading settings :: url = jar:file:/private/var/folders/6n/n9lkzbgj2h32lww0vnkwqmzh0000gp/T/metals5197459043903127106/sbt-launch.jar!/org/apache/ivy/core/settings/ivysettings.xml[0m
[0m2021.07.09 13:45:03 ERROR :: loading settings :: url = jar:file:/private/var/folders/6n/n9lkzbgj2h32lww0vnkwqmzh0000gp/T/metals5197459043903127106/sbt-launch.jar!/org/apache/ivy/core/settings/ivysettings.xml[0m
[0m2021.07.09 13:45:03 ERROR :: loading settings :: url = jar:file:/private/var/folders/6n/n9lkzbgj2h32lww0vnkwqmzh0000gp/T/metals5197459043903127106/sbt-launch.jar!/org/apache/ivy/core/settings/ivysettings.xml[0m
[0m2021.07.09 13:45:03 ERROR :: loading settings :: url = jar:file:/private/var/folders/6n/n9lkzbgj2h32lww0vnkwqmzh0000gp/T/metals5197459043903127106/sbt-launch.jar!/org/apache/ivy/core/settings/ivysettings.xml[0m
[0m2021.07.09 13:45:03 ERROR :: loading settings :: url = jar:file:/private/var/folders/6n/n9lkzbgj2h32lww0vnkwqmzh0000gp/T/metals5197459043903127106/sbt-launch.jar!/org/apache/ivy/core/settings/ivysettings.xml[0m
[0m2021.07.09 13:45:03 ERROR :: loading settings :: url = jar:file:/private/var/folders/6n/n9lkzbgj2h32lww0vnkwqmzh0000gp/T/metals5197459043903127106/sbt-launch.jar!/org/apache/ivy/core/settings/ivysettings.xml[0m
[0m2021.07.09 13:45:03 ERROR :: loading settings :: url = jar:file:/private/var/folders/6n/n9lkzbgj2h32lww0vnkwqmzh0000gp/T/metals5197459043903127106/sbt-launch.jar!/org/apache/ivy/core/settings/ivysettings.xml[0m
[0m2021.07.09 13:45:03 ERROR :: loading settings :: url = jar:file:/private/var/folders/6n/n9lkzbgj2h32lww0vnkwqmzh0000gp/T/metals5197459043903127106/sbt-launch.jar!/org/apache/ivy/core/settings/ivysettings.xml[0m
[0m2021.07.09 13:45:03 ERROR :: loading settings :: url = jar:file:/private/var/folders/6n/n9lkzbgj2h32lww0vnkwqmzh0000gp/T/metals5197459043903127106/sbt-launch.jar!/org/apache/ivy/core/settings/ivysettings.xml[0m
[0m2021.07.09 13:45:03 ERROR :: loading settings :: url = jar:file:/private/var/folders/6n/n9lkzbgj2h32lww0vnkwqmzh0000gp/T/metals5197459043903127106/sbt-launch.jar!/org/apache/ivy/core/settings/ivysettings.xml[0m
[0m2021.07.09 13:45:03 ERROR downloading https://repo1.maven.org/maven2/com/github/cb372/scalacache-caffeine_2.12/0.20.0/scalacache-caffeine_2.12-0.20.0.jar ...[0m
[0m2021.07.09 13:45:03 ERROR downloading https://repo1.maven.org/maven2/io/get-coursier/lm-coursier-shaded_2.12/2.0.0-RC6-2/lm-coursier-shaded_2.12-2.0.0-RC6-2.jar ...[0m
[0m2021.07.09 13:45:03 ERROR 	[SUCCESSFUL ] com.github.cb372#scalacache-caffeine_2.12;0.20.0!scalacache-caffeine_2.12.jar (308ms)[0m
[0m2021.07.09 13:45:03 ERROR 	[SUCCESSFUL ] org.scala-sbt#launcher-interface;1.1.3!launcher-interface.jar (334ms)[0m
[0m2021.07.09 13:45:03 ERROR downloading https://repo1.maven.org/maven2/org/scala-sbt/util-logging_2.12/1.3.3/util-logging_2.12-1.3.3.jar ...[0m
[0m2021.07.09 13:45:03 ERROR downloading https://repo1.maven.org/maven2/org/scala-sbt/librarymanagement-core_2.12/1.3.2/librarymanagement-core_2.12-1.3.2.jar ...[0m
[0m2021.07.09 13:45:03 ERROR 	[SUCCESSFUL ] org.scala-sbt#scripted-plugin_2.12;1.3.10!scripted-plugin_2.12.jar (341ms)[0m
[0m2021.07.09 13:45:03 ERROR downloading https://repo1.maven.org/maven2/org/scala-sbt/librarymanagement-ivy_2.12/1.3.2/librarymanagement-ivy_2.12-1.3.2.jar ...[0m
[0m2021.07.09 13:45:03 ERROR 	[SUCCESSFUL ] org.scala-sbt#logic_2.12;1.3.10!logic_2.12.jar (379ms)[0m
[0m2021.07.09 13:45:03 ERROR 	[SUCCESSFUL ] org.scala-sbt#zinc-lm-integration_2.12;1.3.10!zinc-lm-integration_2.12.jar (376ms)[0m
[0m2021.07.09 13:45:03 ERROR 	[SUCCESSFUL ] org.scala-sbt#scripted-sbt-redux_2.12;1.3.10!scripted-sbt-redux_2.12.jar (379ms)[0m
[0m2021.07.09 13:45:03 ERROR downloading https://repo1.maven.org/maven2/org/scala-sbt/zinc-compile_2.12/1.3.5/zinc-compile_2.12-1.3.5.jar ...[0m
[0m2021.07.09 13:45:03 ERROR downloading https://repo1.maven.org/maven2/org/scala-sbt/compiler-interface/1.3.5/compiler-interface-1.3.5.jar ...[0m
[0m2021.07.09 13:45:03 ERROR downloading https://repo1.maven.org/maven2/org/scala-sbt/util-relation_2.12/1.3.3/util-relation_2.12-1.3.3.jar ...[0m
[0m2021.07.09 13:45:03 ERROR 	[SUCCESSFUL ] org.scala-sbt#sbt;1.3.10!sbt.jar (424ms)[0m
[0m2021.07.09 13:45:03 ERROR downloading https://repo1.maven.org/maven2/com/eed3si9n/sjson-new-scalajson_2.12/0.8.3/sjson-new-scalajson_2.12-0.8.3.jar ...[0m
[0m2021.07.09 13:45:03 ERROR 	[SUCCESSFUL ] org.scala-sbt#command_2.12;1.3.10!command_2.12.jar (675ms)[0m
[0m2021.07.09 13:45:03 ERROR downloading https://repo1.maven.org/maven2/org/scala-sbt/util-position_2.12/1.3.3/util-position_2.12-1.3.3.jar ...[0m
[0m2021.07.09 13:45:03 ERROR 	[SUCCESSFUL ] org.scala-sbt#collections_2.12;1.3.10!collections_2.12.jar (686ms)[0m
[0m2021.07.09 13:45:03 ERROR downloading https://repo1.maven.org/maven2/com/eed3si9n/sjson-new-core_2.12/0.8.3/sjson-new-core_2.12-0.8.3.jar ...[0m
[0m2021.07.09 13:45:03 ERROR 	[SUCCESSFUL ] org.scala-sbt#run_2.12;1.3.10!run_2.12.jar (717ms)[0m
[0m2021.07.09 13:45:03 ERROR downloading https://repo1.maven.org/maven2/org/spire-math/jawn-parser_2.12/0.10.4/jawn-parser_2.12-0.10.4.jar ...[0m
[0m2021.07.09 13:45:03 ERROR 	[SUCCESSFUL ] org.scala-sbt#io_2.12;1.3.4!io_2.12.jar (828ms)[0m
[0m2021.07.09 13:45:03 ERROR downloading https://repo1.maven.org/maven2/org/scala-lang/scala-reflect/2.12.10/scala-reflect-2.12.10.jar ...[0m
[0m2021.07.09 13:45:03 ERROR 	[SUCCESSFUL ] org.scala-sbt#zinc-compile_2.12;1.3.5!zinc-compile_2.12.jar (466ms)[0m
[0m2021.07.09 13:45:03 ERROR downloading https://repo1.maven.org/maven2/org/scala-sbt/completion_2.12/1.3.10/completion_2.12-1.3.10.jar ...[0m
[0m2021.07.09 13:45:03 ERROR 	[SUCCESSFUL ] org.scala-sbt#main-settings_2.12;1.3.10!main-settings_2.12.jar (849ms)[0m
[0m2021.07.09 13:45:03 ERROR downloading https://repo1.maven.org/maven2/org/scala-sbt/task-system_2.12/1.3.10/task-system_2.12-1.3.10.jar ...[0m
[0m2021.07.09 13:45:03 ERROR 	[SUCCESSFUL ] org.scala-sbt#util-relation_2.12;1.3.3!util-relation_2.12.jar (517ms)[0m
[0m2021.07.09 13:45:03 ERROR downloading https://repo1.maven.org/maven2/org/scala-sbt/tasks_2.12/1.3.10/tasks_2.12-1.3.10.jar ...[0m
[0m2021.07.09 13:45:03 ERROR 	[SUCCESSFUL ] com.eed3si9n#sjson-new-scalajson_2.12;0.8.3!sjson-new-scalajson_2.12.jar (509ms)[0m
[0m2021.07.09 13:45:03 ERROR downloading https://repo1.maven.org/maven2/org/scala-sbt/testing_2.12/1.3.10/testing_2.12-1.3.10.jar ...[0m
[0m2021.07.09 13:45:04 ERROR 	[SUCCESSFUL ] org.scala-sbt#util-logging_2.12;1.3.3!util-logging_2.12.jar (667ms)[0m
[0m2021.07.09 13:45:04 ERROR downloading https://repo1.maven.org/maven2/org/scala-sbt/util-tracking_2.12/1.3.3/util-tracking_2.12-1.3.3.jar ...[0m
[0m2021.07.09 13:45:04 ERROR 	[SUCCESSFUL ] org.scala-sbt#compiler-interface;1.3.5!compiler-interface.jar (826ms)[0m
[0m2021.07.09 13:45:04 ERROR downloading https://repo1.maven.org/maven2/org/scala-sbt/zinc-classpath_2.12/1.3.5/zinc-classpath_2.12-1.3.5.jar ...[0m
[0m2021.07.09 13:45:04 ERROR 	[SUCCESSFUL ] org.scala-sbt#util-position_2.12;1.3.3!util-position_2.12.jar (571ms)[0m
[0m2021.07.09 13:45:04 ERROR downloading https://repo1.maven.org/maven2/org/scala-sbt/zinc-apiinfo_2.12/1.3.5/zinc-apiinfo_2.12-1.3.5.jar ...[0m
[0m2021.07.09 13:45:04 ERROR 	[SUCCESSFUL ] org.scala-sbt#main_2.12;1.3.10!main_2.12.jar (1275ms)[0m
[0m2021.07.09 13:45:04 ERROR downloading https://repo1.maven.org/maven2/org/scala-sbt/zinc_2.12/1.3.5/zinc_2.12-1.3.5.jar ...[0m
[0m2021.07.09 13:45:04 ERROR 	[SUCCESSFUL ] org.scala-sbt#completion_2.12;1.3.10!completion_2.12.jar (510ms)[0m
[0m2021.07.09 13:45:04 ERROR downloading https://repo1.maven.org/maven2/org/scala-sbt/util-control_2.12/1.3.3/util-control_2.12-1.3.3.jar ...[0m
[0m2021.07.09 13:45:04 ERROR 	[SUCCESSFUL ] org.scala-sbt#task-system_2.12;1.3.10!task-system_2.12.jar (518ms)[0m
[0m2021.07.09 13:45:04 ERROR downloading https://repo1.maven.org/maven2/com/swoval/file-tree-views/2.1.3/file-tree-views-2.1.3.jar ...[0m
[0m2021.07.09 13:45:04 ERROR 	[SUCCESSFUL ] org.spire-math#jawn-parser_2.12;0.10.4!jawn-parser_2.12.jar (660ms)[0m
[0m2021.07.09 13:45:04 ERROR downloading https://repo1.maven.org/maven2/org/scala-sbt/util-interface/1.3.3/util-interface-1.3.3.jar ...[0m
[0m2021.07.09 13:45:04 ERROR 	[SUCCESSFUL ] org.scala-sbt#tasks_2.12;1.3.10!tasks_2.12.jar (493ms)[0m
[0m2021.07.09 13:45:04 ERROR downloading https://repo1.maven.org/maven2/com/google/protobuf/protobuf-java/3.7.0/protobuf-java-3.7.0.jar ...[0m
[0m2021.07.09 13:45:04 ERROR 	[SUCCESSFUL ] org.scala-sbt#testing_2.12;1.3.10!testing_2.12.jar (481ms)[0m
[0m2021.07.09 13:45:04 ERROR downloading https://repo1.maven.org/maven2/org/scala-sbt/util-cache_2.12/1.3.3/util-cache_2.12-1.3.3.jar ...[0m
[0m2021.07.09 13:45:04 ERROR 	[SUCCESSFUL ] org.scala-sbt#util-tracking_2.12;1.3.3!util-tracking_2.12.jar (416ms)[0m
[0m2021.07.09 13:45:04 ERROR downloading https://repo1.maven.org/maven2/com/eed3si9n/sjson-new-murmurhash_2.12/0.8.3/sjson-new-murmurhash_2.12-0.8.3.jar ...[0m
[0m2021.07.09 13:45:04 ERROR 	[SUCCESSFUL ] com.eed3si9n#sjson-new-core_2.12;0.8.3!sjson-new-core_2.12.jar (738ms)[0m
[0m2021.07.09 13:45:04 ERROR downloading https://repo1.maven.org/maven2/org/scala-sbt/test-agent/1.3.10/test-agent-1.3.10.jar ...[0m
[0m2021.07.09 13:45:04 ERROR 	[SUCCESSFUL ] org.scala-sbt#zinc-apiinfo_2.12;1.3.5!zinc-apiinfo_2.12.jar (210ms)[0m
[0m2021.07.09 13:45:04 ERROR downloading https://repo1.maven.org/maven2/org/scala-sbt/compiler-bridge_2.12/1.3.5/compiler-bridge_2.12-1.3.5.jar ...[0m
[0m2021.07.09 13:45:04 ERROR 	[SUCCESSFUL ] org.scala-lang#scala-library;2.12.10!scala-library.jar (1490ms)[0m
[0m2021.07.09 13:45:04 ERROR downloading https://repo1.maven.org/maven2/org/scala-sbt/zinc-classfile_2.12/1.3.5/zinc-classfile_2.12-1.3.5.jar ...[0m
[0m2021.07.09 13:45:04 ERROR 	[SUCCESSFUL ] org.scala-sbt#librarymanagement-core_2.12;1.3.2!librarymanagement-core_2.12.jar (1161ms)[0m
[0m2021.07.09 13:45:04 ERROR downloading https://repo1.maven.org/maven2/org/scala-sbt/zinc-core_2.12/1.3.5/zinc-core_2.12-1.3.5.jar ...[0m
[0m2021.07.09 13:45:04 ERROR 	[SUCCESSFUL ] org.scala-sbt#util-control_2.12;1.3.3!util-control_2.12.jar (149ms)[0m
[0m2021.07.09 13:45:04 ERROR downloading https://repo1.maven.org/maven2/org/scala-sbt/zinc-persist_2.12/1.3.5/zinc-persist_2.12-1.3.5.jar ...[0m
[0m2021.07.09 13:45:04 ERROR 	[SUCCESSFUL ] org.scala-sbt#zinc_2.12;1.3.5!zinc_2.12.jar (236ms)[0m
[0m2021.07.09 13:45:04 ERROR downloading https://repo1.maven.org/maven2/org/scala-sbt/zinc-compile-core_2.12/1.3.5/zinc-compile-core_2.12-1.3.5.jar ...[0m
[0m2021.07.09 13:45:04 ERROR 	[SUCCESSFUL ] org.scala-sbt#zinc-classpath_2.12;1.3.5!zinc-classpath_2.12.jar (313ms)[0m
[0m2021.07.09 13:45:04 ERROR downloading https://repo1.maven.org/maven2/com/trueaccord/scalapb/scalapb-runtime_2.12/0.6.0/scalapb-runtime_2.12-0.6.0.jar ...[0m
[0m2021.07.09 13:45:04 ERROR 	[SUCCESSFUL ] org.scala-sbt#util-interface;1.3.3!util-interface.jar (157ms)[0m
[0m2021.07.09 13:45:04 ERROR downloading https://repo1.maven.org/maven2/com/trueaccord/lenses/lenses_2.12/0.4.12/lenses_2.12-0.4.12.jar ...[0m
[0m2021.07.09 13:45:04 ERROR 	[SUCCESSFUL ] com.eed3si9n#sjson-new-murmurhash_2.12;0.8.3!sjson-new-murmurhash_2.12.jar (168ms)[0m
[0m2021.07.09 13:45:04 ERROR downloading https://repo1.maven.org/maven2/com/lihaoyi/fastparse_2.12/0.4.2/fastparse_2.12-0.4.2.jar ...[0m
[0m2021.07.09 13:45:04 ERROR 	[SUCCESSFUL ] com.swoval#file-tree-views;2.1.3!file-tree-views.jar (223ms)[0m
[0m2021.07.09 13:45:04 ERROR downloading https://repo1.maven.org/maven2/com/lihaoyi/fastparse-utils_2.12/0.4.2/fastparse-utils_2.12-0.4.2.jar ...[0m
[0m2021.07.09 13:45:04 ERROR 	[SUCCESSFUL ] org.scala-sbt#librarymanagement-ivy_2.12;1.3.2!librarymanagement-ivy_2.12.jar (1250ms)[0m
[0m2021.07.09 13:45:04 ERROR downloading https://repo1.maven.org/maven2/com/lihaoyi/sourcecode_2.12/0.1.3/sourcecode_2.12-0.1.3.jar ...[0m
[0m2021.07.09 13:45:04 ERROR 	[SUCCESSFUL ] org.scala-sbt#test-agent;1.3.10!test-agent.jar (196ms)[0m
[0m2021.07.09 13:45:04 ERROR downloading https://repo1.maven.org/maven2/org/scala-sbt/sbinary_2.12/0.5.0/sbinary_2.12-0.5.0.jar ...[0m
[0m2021.07.09 13:45:04 ERROR 	[SUCCESSFUL ] org.scala-sbt#zinc-classfile_2.12;1.3.5!zinc-classfile_2.12.jar (229ms)[0m
[0m2021.07.09 13:45:04 ERROR downloading https://repo1.maven.org/maven2/org/scala-sbt/core-macros_2.12/1.3.10/core-macros_2.12-1.3.10.jar ...[0m
[0m2021.07.09 13:45:04 ERROR 	[SUCCESSFUL ] org.scala-sbt#util-cache_2.12;1.3.3!util-cache_2.12.jar (329ms)[0m
[0m2021.07.09 13:45:04 ERROR downloading https://repo1.maven.org/maven2/org/scala-sbt/protocol_2.12/1.3.10/protocol_2.12-1.3.10.jar ...[0m
[0m2021.07.09 13:45:04 ERROR 	[SUCCESSFUL ] org.scala-sbt#zinc-compile-core_2.12;1.3.5!zinc-compile-core_2.12.jar (251ms)[0m
[0m2021.07.09 13:45:04 ERROR downloading https://repo1.maven.org/maven2/org/scala-sbt/ipcsocket/ipcsocket/1.0.1/ipcsocket-1.0.1.jar ...[0m
[0m2021.07.09 13:45:04 ERROR 	[SUCCESSFUL ] com.trueaccord.lenses#lenses_2.12;0.4.12!lenses_2.12.jar (245ms)[0m
[0m2021.07.09 13:45:04 ERROR downloading https://repo1.maven.org/maven2/org/scala-sbt/util-scripted_2.12/1.3.3/util-scripted_2.12-1.3.3.jar ...[0m
[0m2021.07.09 13:45:04 ERROR 	[SUCCESSFUL ] com.lihaoyi#fastparse-utils_2.12;0.4.2!fastparse-utils_2.12.jar (244ms)[0m
[0m2021.07.09 13:45:04 ERROR downloading https://repo1.maven.org/maven2/com/github/cb372/scalacache-core_2.12/0.20.0/scalacache-core_2.12-0.20.0.jar ...[0m
[0m2021.07.09 13:45:04 ERROR 	[SUCCESSFUL ] com.lihaoyi#sourcecode_2.12;0.1.3!sourcecode_2.12.jar (262ms)[0m
[0m2021.07.09 13:45:04 ERROR downloading https://repo1.maven.org/maven2/com/github/ben-manes/caffeine/caffeine/2.5.6/caffeine-2.5.6.jar ...[0m
[0m2021.07.09 13:45:04 ERROR 	[SUCCESSFUL ] org.scala-sbt#compiler-bridge_2.12;1.3.5!compiler-bridge_2.12.jar (417ms)[0m
[0m2021.07.09 13:45:04 ERROR downloading https://repo1.maven.org/maven2/org/scala-sbt/ivy/ivy/2.3.0-sbt-fa726854dd30be842ff9e6d2093df6adfe3871f5/ivy-2.3.0-sbt-fa726854dd30be842ff9e6d2093df6adfe3871f5.jar ...[0m
[0m2021.07.09 13:45:04 ERROR 	[SUCCESSFUL ] com.lihaoyi#fastparse_2.12;0.4.2!fastparse_2.12.jar (298ms)[0m
[0m2021.07.09 13:45:04 ERROR 	[SUCCESSFUL ] org.scala-sbt#sbinary_2.12;0.5.0!sbinary_2.12.jar (265ms)[0m
[0m2021.07.09 13:45:04 ERROR 	[SUCCESSFUL ] org.scala-sbt#core-macros_2.12;1.3.10!core-macros_2.12.jar (244ms)[0m
[0m2021.07.09 13:45:05 ERROR 	[SUCCESSFUL ] org.scala-sbt.ipcsocket#ipcsocket;1.0.1!ipcsocket.jar (298ms)[0m
[0m2021.07.09 13:45:05 ERROR 	[SUCCESSFUL ] org.scala-sbt#util-scripted_2.12;1.3.3!util-scripted_2.12.jar (313ms)[0m
[0m2021.07.09 13:45:05 ERROR 	[SUCCESSFUL ] org.scala-sbt#protocol_2.12;1.3.10!protocol_2.12.jar (373ms)[0m
[0m2021.07.09 13:45:05 ERROR 	[SUCCESSFUL ] com.github.cb372#scalacache-core_2.12;0.20.0!scalacache-core_2.12.jar (342ms)[0m
[0m2021.07.09 13:45:05 ERROR 	[SUCCESSFUL ] org.scala-sbt#actions_2.12;1.3.10!actions_2.12.jar (2204ms)[0m
[0m2021.07.09 13:45:05 ERROR 	[SUCCESSFUL ] com.github.ben-manes.caffeine#caffeine;2.5.6!caffeine.jar (390ms)[0m
[0m2021.07.09 13:45:05 ERROR 	[SUCCESSFUL ] org.scala-sbt#zinc-core_2.12;1.3.5!zinc-core_2.12.jar (1145ms)[0m
[0m2021.07.09 13:45:05 ERROR 	[SUCCESSFUL ] org.scala-lang#scala-reflect;2.12.10!scala-reflect.jar (1901ms)[0m
[0m2021.07.09 13:45:05 ERROR 	[SUCCESSFUL ] com.google.protobuf#protobuf-java;3.7.0!protobuf-java.jar(bundle) (1400ms)[0m
[0m2021.07.09 13:45:05 ERROR 	[SUCCESSFUL ] org.scala-sbt#zinc-persist_2.12;1.3.5!zinc-persist_2.12.jar (1306ms)[0m
[0m2021.07.09 13:45:05 ERROR 	[SUCCESSFUL ] org.scala-sbt.ivy#ivy;2.3.0-sbt-fa726854dd30be842ff9e6d2093df6adfe3871f5!ivy.jar (1127ms)[0m
[0m2021.07.09 13:45:06 ERROR 	[SUCCESSFUL ] com.trueaccord.scalapb#scalapb-runtime_2.12;0.6.0!scalapb-runtime_2.12.jar (2182ms)[0m
[0m2021.07.09 13:45:06 ERROR 	[SUCCESSFUL ] io.get-coursier#lm-coursier-shaded_2.12;2.0.0-RC6-2!lm-coursier-shaded_2.12.jar (4099ms)[0m
[0m2021.07.09 13:45:06 ERROR :: retrieving :: org.scala-sbt#boot-app[0m
[0m2021.07.09 13:45:06 ERROR 	confs: [default][0m
[0m2021.07.09 13:45:06 ERROR 	81 artifacts copied, 0 already retrieved[0m
[0m2021.07.09 13:45:06 ERROR [info] [launcher] getting Scala 2.12.10 (for sbt)...[0m
[0m2021.07.09 13:45:06 ERROR :: retrieving :: org.scala-sbt#boot-scala[0m
[0m2021.07.09 13:45:06 ERROR 	confs: [default][0m
[0m2021.07.09 13:45:06 ERROR 	6 artifacts copied, 0 already retrieved[0m
[0m2021.07.09 13:45:10 INFO  [info] Loading global plugins from /Users/juanmorales/.sbt/1.0/plugins[0m
[0m2021.07.09 13:45:40 INFO  [info] Loading settings for project cats-effects-playgroud-build-build-build from metals.sbt ...[0m
[0m2021.07.09 13:45:40 INFO  [info] Loading project definition from /Users/juanmorales/source/cats-effects-playground/cats-effects-playgroud/project/project/project[0m
[0m2021.07.09 13:45:40 INFO  [warn] There may be incompatibilities among your library dependencies; run 'evicted' to see detailed eviction warnings.[0m
[0m2021.07.09 13:45:40 INFO  [info] Loading settings for project cats-effects-playgroud-build-build from metals.sbt ...[0m
[0m2021.07.09 13:45:41 INFO  [info] Loading project definition from /Users/juanmorales/source/cats-effects-playground/cats-effects-playgroud/project/project[0m
[0m2021.07.09 13:45:41 INFO  [warn] There may be incompatibilities among your library dependencies; run 'evicted' to see detailed eviction warnings.[0m
[0m2021.07.09 13:45:44 INFO  [success] Generated .bloop/cats-effects-playgroud-build-build.json[0m
[0m2021.07.09 13:45:44 INFO  [success] Total time: 3 s, completed 9 Jul 2021, 13:45:44[0m
[0m2021.07.09 13:45:44 INFO  [warn] There may be incompatibilities among your library dependencies; run 'evicted' to see detailed eviction warnings.[0m
[0m2021.07.09 13:45:44 INFO  [info] Loading settings for project cats-effects-playgroud-build from plugins.sbt,metals.sbt ...[0m
[0m2021.07.09 13:45:44 INFO  [info] Loading project definition from /Users/juanmorales/source/cats-effects-playground/cats-effects-playgroud/project[0m
[0m2021.07.09 13:45:47 WARN  no build target for: /Users/juanmorales/source/cats-effects-playground/cats-effects-playgroud/build.sbt[0m
[0m2021.07.09 13:45:49 INFO  [warn] There may be incompatibilities among your library dependencies; run 'evicted' to see detailed eviction warnings.[0m
[0m2021.07.09 13:45:49 INFO  [success] Generated .bloop/cats-effects-playgroud-build.json[0m
[0m2021.07.09 13:45:49 INFO  [success] Total time: 5 s, completed 9 Jul 2021, 13:45:49[0m
[0m2021.07.09 13:45:49 INFO  [warn] There may be incompatibilities among your library dependencies; run 'evicted' to see detailed eviction warnings.[0m
[0m2021.07.09 13:45:50 INFO  running '/Library/Java/JavaVirtualMachines/jdk-11.0.11.jdk/Contents/Home/bin/java -Djline.terminal=jline.UnsupportedTerminal -Dsbt.log.noformat=true -Dfile.encoding=UTF-8 -jar /var/folders/6n/n9lkzbgj2h32lww0vnkwqmzh0000gp/T/metals2845620296968108757/sbt-launch.jar -Dbloop.export-jar-classifiers=sources bloopInstall'[0m
[0m2021.07.09 13:45:50 INFO  [info] Loading settings for project cats-effects-playgroud from build.sbt ...[0m
[0m2021.07.09 13:45:50 INFO  [info] Set current project to cats-effects-playgroud (in build file:/Users/juanmorales/source/cats-effects-playground/cats-effects-playgroud/)[0m
[0m2021.07.09 13:45:52 INFO  [warn] [0m
[0m2021.07.09 13:45:52 INFO  [warn] 	Note: Unresolved dependencies path:[0m
[0m2021.07.09 13:45:52 INFO  [error] sbt.librarymanagement.ResolveException: Error downloading org.typelevel:kind-projector_2.13.6:0.11.0[0m
[0m2021.07.09 13:45:52 INFO  [error]   Not found[0m
[0m2021.07.09 13:45:52 INFO  [error]   Not found[0m
[0m2021.07.09 13:45:52 INFO  [error]   not found: /Users/juanmorales/.ivy2/local/org.typelevel/kind-projector_2.13.6/0.11.0/ivys/ivy.xml[0m
[0m2021.07.09 13:45:52 INFO  [error]   not found: https://repo1.maven.org/maven2/org/typelevel/kind-projector_2.13.6/0.11.0/kind-projector_2.13.6-0.11.0.pom[0m
[0m2021.07.09 13:45:52 INFO  [error] 	at lmcoursier.CoursierDependencyResolution.unresolvedWarningOrThrow(CoursierDependencyResolution.scala:247)[0m
[0m2021.07.09 13:45:52 INFO  [error] 	at lmcoursier.CoursierDependencyResolution.$anonfun$update$35(CoursierDependencyResolution.scala:216)[0m
[0m2021.07.09 13:45:52 INFO  [error] 	at scala.util.Either$LeftProjection.map(Either.scala:573)[0m
[0m2021.07.09 13:45:52 INFO  [error] 	at lmcoursier.CoursierDependencyResolution.update(CoursierDependencyResolution.scala:216)[0m
[0m2021.07.09 13:45:52 INFO  [error] 	at sbt.librarymanagement.DependencyResolution.update(DependencyResolution.scala:60)[0m
[0m2021.07.09 13:45:52 INFO  [error] 	at sbt.internal.LibraryManagement$.resolve$1(LibraryManagement.scala:52)[0m
[0m2021.07.09 13:45:52 INFO  [error] 	at sbt.internal.LibraryManagement$.$anonfun$cachedUpdate$12(LibraryManagement.scala:102)[0m
[0m2021.07.09 13:45:52 INFO  [error] 	at sbt.util.Tracked$.$anonfun$lastOutput$1(Tracked.scala:69)[0m
[0m2021.07.09 13:45:52 INFO  [error] 	at sbt.internal.LibraryManagement$.$anonfun$cachedUpdate$20(LibraryManagement.scala:115)[0m
[0m2021.07.09 13:45:52 INFO  [error] 	at scala.util.control.Exception$Catch.apply(Exception.scala:228)[0m
[0m2021.07.09 13:45:52 INFO  [error] 	at sbt.internal.LibraryManagement$.$anonfun$cachedUpdate$11(LibraryManagement.scala:115)[0m
[0m2021.07.09 13:45:52 INFO  [error] 	at sbt.internal.LibraryManagement$.$anonfun$cachedUpdate$11$adapted(LibraryManagement.scala:96)[0m
[0m2021.07.09 13:45:52 INFO  [error] 	at sbt.util.Tracked$.$anonfun$inputChanged$1(Tracked.scala:150)[0m
[0m2021.07.09 13:45:52 INFO  [error] 	at sbt.internal.LibraryManagement$.cachedUpdate(LibraryManagement.scala:129)[0m
[0m2021.07.09 13:45:52 INFO  [error] 	at sbt.Classpaths$.$anonfun$updateTask0$5(Defaults.scala:2950)[0m
[0m2021.07.09 13:45:52 INFO  [error] 	at scala.Function1.$anonfun$compose$1(Function1.scala:49)[0m
[0m2021.07.09 13:45:52 INFO  [error] 	at sbt.internal.util.$tilde$greater.$anonfun$$u2219$1(TypeFunctions.scala:62)[0m
[0m2021.07.09 13:45:52 INFO  [error] 	at sbt.std.Transform$$anon$4.work(Transform.scala:67)[0m
[0m2021.07.09 13:45:52 INFO  [error] 	at sbt.Execute.$anonfun$submit$2(Execute.scala:281)[0m
[0m2021.07.09 13:45:52 INFO  [error] 	at sbt.internal.util.ErrorHandling$.wideConvert(ErrorHandling.scala:19)[0m
[0m2021.07.09 13:45:52 INFO  [error] 	at sbt.Execute.work(Execute.scala:290)[0m
[0m2021.07.09 13:45:52 INFO  [error] 	at sbt.Execute.$anonfun$submit$1(Execute.scala:281)[0m
[0m2021.07.09 13:45:52 INFO  [error] 	at sbt.ConcurrentRestrictions$$anon$4.$anonfun$submitValid$1(ConcurrentRestrictions.scala:178)[0m
[0m2021.07.09 13:45:52 INFO  [error] 	at sbt.CompletionService$$anon$2.call(CompletionService.scala:37)[0m
[0m2021.07.09 13:45:52 INFO  [error] 	at java.base/java.util.concurrent.FutureTask.run(FutureTask.java:264)[0m
[0m2021.07.09 13:45:52 INFO  [error] 	at java.base/java.util.concurrent.Executors$RunnableAdapter.call(Executors.java:515)[0m
[0m2021.07.09 13:45:52 INFO  [error] 	at java.base/java.util.concurrent.FutureTask.run(FutureTask.java:264)[0m
[0m2021.07.09 13:45:52 INFO  [error] 	at java.base/java.util.concurrent.ThreadPoolExecutor.runWorker(ThreadPoolExecutor.java:1128)[0m
[0m2021.07.09 13:45:52 INFO  [error] 	at java.base/java.util.concurrent.ThreadPoolExecutor$Worker.run(ThreadPoolExecutor.java:628)[0m
[0m2021.07.09 13:45:52 INFO  [error] 	at java.base/java.lang.Thread.run(Thread.java:834)[0m
[0m2021.07.09 13:45:52 INFO  [error] (update) sbt.librarymanagement.ResolveException: Error downloading org.typelevel:kind-projector_2.13.6:0.11.0[0m
[0m2021.07.09 13:45:52 INFO  [error]   Not found[0m
[0m2021.07.09 13:45:52 INFO  [error]   Not found[0m
[0m2021.07.09 13:45:52 INFO  [error]   not found: /Users/juanmorales/.ivy2/local/org.typelevel/kind-projector_2.13.6/0.11.0/ivys/ivy.xml[0m
[0m2021.07.09 13:45:52 INFO  [error]   not found: https://repo1.maven.org/maven2/org/typelevel/kind-projector_2.13.6/0.11.0/kind-projector_2.13.6-0.11.0.pom[0m
[0m2021.07.09 13:45:52 INFO  [error] Total time: 1 s, completed 9 Jul 2021, 13:45:52[0m
[0m2021.07.09 13:45:52 INFO  sbt bloopInstall exit: 1[0m
[0m2021.07.09 13:45:52 INFO  time: ran 'sbt bloopInstall' in 1m14s[0m
[0m2021.07.09 13:45:52 ERROR sbt command failed: /Library/Java/JavaVirtualMachines/jdk-11.0.11.jdk/Contents/Home/bin/java -Djline.terminal=jline.UnsupportedTerminal -Dsbt.log.noformat=true -Dfile.encoding=UTF-8 -jar /var/folders/6n/n9lkzbgj2h32lww0vnkwqmzh0000gp/T/metals5197459043903127106/sbt-launch.jar -Dbloop.export-jar-classifiers=sources bloopInstall[0m
[0m2021.07.09 13:45:53 INFO  [info] Loading global plugins from /Users/juanmorales/.sbt/1.0/plugins[0m
[0m2021.07.09 13:45:53 INFO  [info] Loading settings for project cats-effects-playgroud-build-build-build from metals.sbt ...[0m
[0m2021.07.09 13:45:54 INFO  [info] Loading project definition from /Users/juanmorales/source/cats-effects-playground/cats-effects-playgroud/project/project/project[0m
[0m2021.07.09 13:45:54 INFO  [info] Loading settings for project cats-effects-playgroud-build-build from metals.sbt ...[0m
[0m2021.07.09 13:45:54 INFO  [info] Loading project definition from /Users/juanmorales/source/cats-effects-playground/cats-effects-playgroud/project/project[0m
[0m2021.07.09 13:45:56 INFO  [success] Generated .bloop/cats-effects-playgroud-build-build.json[0m
[0m2021.07.09 13:45:56 INFO  [success] Total time: 1 s, completed 9 Jul 2021, 13:45:56[0m
[0m2021.07.09 13:45:56 INFO  [info] Loading settings for project cats-effects-playgroud-build from plugins.sbt,metals.sbt ...[0m
[0m2021.07.09 13:45:56 INFO  [info] Loading project definition from /Users/juanmorales/source/cats-effects-playground/cats-effects-playgroud/project[0m
[0m2021.07.09 13:45:56 INFO  [success] Generated .bloop/cats-effects-playgroud-build.json[0m
[0m2021.07.09 13:45:56 INFO  [success] Total time: 0 s, completed 9 Jul 2021, 13:45:57[0m
[0m2021.07.09 13:45:56 INFO  [info] Loading settings for project cats-effects-playgroud from build.sbt ...[0m
[0m2021.07.09 13:45:56 INFO  [info] Set current project to cats-effects-playgroud (in build file:/Users/juanmorales/source/cats-effects-playground/cats-effects-playgroud/)[0m
[0m2021.07.09 13:45:58 INFO  [warn] [0m
[0m2021.07.09 13:45:58 INFO  [warn] 	Note: Unresolved dependencies path:[0m
[0m2021.07.09 13:45:58 INFO  [error] sbt.librarymanagement.ResolveException: Error downloading org.typelevel:kind-projector_2.13.6:0.11.0[0m
[0m2021.07.09 13:45:58 INFO  [error]   Not found[0m
[0m2021.07.09 13:45:58 INFO  [error]   Not found[0m
[0m2021.07.09 13:45:58 INFO  [error]   not found: /Users/juanmorales/.ivy2/local/org.typelevel/kind-projector_2.13.6/0.11.0/ivys/ivy.xml[0m
[0m2021.07.09 13:45:58 INFO  [error]   not found: https://repo1.maven.org/maven2/org/typelevel/kind-projector_2.13.6/0.11.0/kind-projector_2.13.6-0.11.0.pom[0m
[0m2021.07.09 13:45:58 INFO  [error] 	at lmcoursier.CoursierDependencyResolution.unresolvedWarningOrThrow(CoursierDependencyResolution.scala:247)[0m
[0m2021.07.09 13:45:58 INFO  [error] 	at lmcoursier.CoursierDependencyResolution.$anonfun$update$35(CoursierDependencyResolution.scala:216)[0m
[0m2021.07.09 13:45:58 INFO  [error] 	at scala.util.Either$LeftProjection.map(Either.scala:573)[0m
[0m2021.07.09 13:45:58 INFO  [error] 	at lmcoursier.CoursierDependencyResolution.update(CoursierDependencyResolution.scala:216)[0m
[0m2021.07.09 13:45:58 INFO  [error] 	at sbt.librarymanagement.DependencyResolution.update(DependencyResolution.scala:60)[0m
[0m2021.07.09 13:45:58 INFO  [error] 	at sbt.internal.LibraryManagement$.resolve$1(LibraryManagement.scala:52)[0m
[0m2021.07.09 13:45:58 INFO  [error] 	at sbt.internal.LibraryManagement$.$anonfun$cachedUpdate$12(LibraryManagement.scala:102)[0m
[0m2021.07.09 13:45:58 INFO  [error] 	at sbt.util.Tracked$.$anonfun$lastOutput$1(Tracked.scala:69)[0m
[0m2021.07.09 13:45:58 INFO  [error] 	at sbt.internal.LibraryManagement$.$anonfun$cachedUpdate$20(LibraryManagement.scala:115)[0m
[0m2021.07.09 13:45:58 INFO  [error] 	at scala.util.control.Exception$Catch.apply(Exception.scala:228)[0m
[0m2021.07.09 13:45:58 INFO  [error] 	at sbt.internal.LibraryManagement$.$anonfun$cachedUpdate$11(LibraryManagement.scala:115)[0m
[0m2021.07.09 13:45:58 INFO  [error] 	at sbt.internal.LibraryManagement$.$anonfun$cachedUpdate$11$adapted(LibraryManagement.scala:96)[0m
[0m2021.07.09 13:45:58 INFO  [error] 	at sbt.util.Tracked$.$anonfun$inputChanged$1(Tracked.scala:150)[0m
[0m2021.07.09 13:45:58 INFO  [error] 	at sbt.internal.LibraryManagement$.cachedUpdate(LibraryManagement.scala:129)[0m
[0m2021.07.09 13:45:58 INFO  [error] 	at sbt.Classpaths$.$anonfun$updateTask0$5(Defaults.scala:2950)[0m
[0m2021.07.09 13:45:58 INFO  [error] 	at scala.Function1.$anonfun$compose$1(Function1.scala:49)[0m
[0m2021.07.09 13:45:58 INFO  [error] 	at sbt.internal.util.$tilde$greater.$anonfun$$u2219$1(TypeFunctions.scala:62)[0m
[0m2021.07.09 13:45:58 INFO  [error] 	at sbt.std.Transform$$anon$4.work(Transform.scala:67)[0m
[0m2021.07.09 13:45:58 INFO  [error] 	at sbt.Execute.$anonfun$submit$2(Execute.scala:281)[0m
[0m2021.07.09 13:45:58 INFO  [error] 	at sbt.internal.util.ErrorHandling$.wideConvert(ErrorHandling.scala:19)[0m
[0m2021.07.09 13:45:58 INFO  [error] 	at sbt.Execute.work(Execute.scala:290)[0m
[0m2021.07.09 13:45:58 INFO  [error] 	at sbt.Execute.$anonfun$submit$1(Execute.scala:281)[0m
[0m2021.07.09 13:45:58 INFO  [error] 	at sbt.ConcurrentRestrictions$$anon$4.$anonfun$submitValid$1(ConcurrentRestrictions.scala:178)[0m
[0m2021.07.09 13:45:58 INFO  [error] 	at sbt.CompletionService$$anon$2.call(CompletionService.scala:37)[0m
[0m2021.07.09 13:45:58 INFO  [error] 	at java.base/java.util.concurrent.FutureTask.run(FutureTask.java:264)[0m
[0m2021.07.09 13:45:58 INFO  [error] 	at java.base/java.util.concurrent.Executors$RunnableAdapter.call(Executors.java:515)[0m
[0m2021.07.09 13:45:58 INFO  [error] 	at java.base/java.util.concurrent.FutureTask.run(FutureTask.java:264)[0m
[0m2021.07.09 13:45:58 INFO  [error] 	at java.base/java.util.concurrent.ThreadPoolExecutor.runWorker(ThreadPoolExecutor.java:1128)[0m
[0m2021.07.09 13:45:58 INFO  [error] 	at java.base/java.util.concurrent.ThreadPoolExecutor$Worker.run(ThreadPoolExecutor.java:628)[0m
[0m2021.07.09 13:45:58 INFO  [error] 	at java.base/java.lang.Thread.run(Thread.java:834)[0m
[0m2021.07.09 13:45:58 INFO  [error] (update) sbt.librarymanagement.ResolveException: Error downloading org.typelevel:kind-projector_2.13.6:0.11.0[0m
[0m2021.07.09 13:45:58 INFO  [error]   Not found[0m
[0m2021.07.09 13:45:58 INFO  [error]   Not found[0m
[0m2021.07.09 13:45:58 INFO  [error]   not found: /Users/juanmorales/.ivy2/local/org.typelevel/kind-projector_2.13.6/0.11.0/ivys/ivy.xml[0m
[0m2021.07.09 13:45:58 INFO  [error]   not found: https://repo1.maven.org/maven2/org/typelevel/kind-projector_2.13.6/0.11.0/kind-projector_2.13.6-0.11.0.pom[0m
[0m2021.07.09 13:45:58 INFO  [error] Total time: 0 s, completed 9 Jul 2021, 13:45:58[0m
[0m2021.07.09 13:45:58 INFO  sbt bloopInstall exit: 1[0m
[0m2021.07.09 13:45:58 INFO  time: ran 'sbt bloopInstall' in 7.99s[0m
[0m2021.07.09 13:45:58 ERROR sbt command failed: /Library/Java/JavaVirtualMachines/jdk-11.0.11.jdk/Contents/Home/bin/java -Djline.terminal=jline.UnsupportedTerminal -Dsbt.log.noformat=true -Dfile.encoding=UTF-8 -jar /var/folders/6n/n9lkzbgj2h32lww0vnkwqmzh0000gp/T/metals2845620296968108757/sbt-launch.jar -Dbloop.export-jar-classifiers=sources bloopInstall[0m
[0m2021.07.09 13:47:52 WARN  no build target for: /Users/juanmorales/source/cats-effects-playground/cats-effects-playgroud/build.sbt[0m
[0m2021.07.09 13:47:54 INFO  running '/Library/Java/JavaVirtualMachines/jdk-11.0.11.jdk/Contents/Home/bin/java -Djline.terminal=jline.UnsupportedTerminal -Dsbt.log.noformat=true -Dfile.encoding=UTF-8 -jar /var/folders/6n/n9lkzbgj2h32lww0vnkwqmzh0000gp/T/metals2673026528630338155/sbt-launch.jar -Dbloop.export-jar-classifiers=sources bloopInstall'[0m
[0m2021.07.09 13:47:57 INFO  [info] Loading global plugins from /Users/juanmorales/.sbt/1.0/plugins[0m
[0m2021.07.09 13:47:57 INFO  [info] Loading settings for project cats-effects-playgroud-build-build-build from metals.sbt ...[0m
[0m2021.07.09 13:47:57 INFO  [info] Loading project definition from /Users/juanmorales/source/cats-effects-playground/cats-effects-playgroud/project/project/project[0m
[0m2021.07.09 13:47:58 INFO  [info] Loading settings for project cats-effects-playgroud-build-build from metals.sbt ...[0m
[0m2021.07.09 13:47:58 INFO  [info] Loading project definition from /Users/juanmorales/source/cats-effects-playground/cats-effects-playgroud/project/project[0m
[0m2021.07.09 13:48:00 INFO  [success] Generated .bloop/cats-effects-playgroud-build-build.json[0m
[0m2021.07.09 13:48:00 INFO  [success] Total time: 1 s, completed 9 Jul 2021, 13:48:00[0m
[0m2021.07.09 13:48:00 INFO  [info] Loading settings for project cats-effects-playgroud-build from plugins.sbt,metals.sbt ...[0m
[0m2021.07.09 13:48:00 INFO  [info] Loading project definition from /Users/juanmorales/source/cats-effects-playground/cats-effects-playgroud/project[0m
[0m2021.07.09 13:48:00 INFO  [success] Generated .bloop/cats-effects-playgroud-build.json[0m
[0m2021.07.09 13:48:00 INFO  [success] Total time: 0 s, completed 9 Jul 2021, 13:48:00[0m
[0m2021.07.09 13:48:01 INFO  [info] Loading settings for project cats-effects-playgroud from build.sbt ...[0m
[0m2021.07.09 13:48:01 INFO  [info] Set current project to cats-effects-playgroud (in build file:/Users/juanmorales/source/cats-effects-playground/cats-effects-playgroud/)[0m
[0m2021.07.09 13:48:03 INFO  [success] Generated .bloop/cats-effects-playgroud.json[0m
[0m2021.07.09 13:48:03 INFO  [success] Generated .bloop/cats-effects-playgroud-test.json[0m
[0m2021.07.09 13:48:03 INFO  [success] Total time: 2 s, completed 9 Jul 2021, 13:48:03[0m
[0m2021.07.09 13:48:03 INFO  sbt bloopInstall exit: 0[0m
[0m2021.07.09 13:48:03 INFO  time: ran 'sbt bloopInstall' in 9.36s[0m
[0m2021.07.09 13:48:03 INFO  Attempting to connect to the build server...[0m
Starting the bsp launcher for bloop...
Opening a bsp server connection with 'bsp --protocol local --socket /var/folders/6n/n9lkzbgj2h32lww0vnkwqmzh0000gp/T/bsp-launcher13811445262263529205/bsp.socket'...
Waiting for the bsp connection to come up...
Waiting for the bsp connection to come up...
No server running at 127.0.0.1:8212, let's fire one...
Resolving ch.epfl.scala:bloop-frontend_2.12:1.4.8-19-4d9f966b...
Starting bloop server at 127.0.0.1:8212...
Attempting a connection to the server...
Attempting a connection to the server...
Attempting a connection to the server...
Attempting a connection to the server...
Attempting a connection to the server...
[0m[32m[D][0m Loading 2 projects from '/Users/juanmorales/source/cats-effects-playground/cats-effects-playgroud/.bloop'...
[0m[32m[D][0m Loading project from '/Users/juanmorales/source/cats-effects-playground/cats-effects-playgroud/.bloop/cats-effects-playgroud-test.json'
[0m[32m[D][0m Loading project from '/Users/juanmorales/source/cats-effects-playground/cats-effects-playgroud/.bloop/cats-effects-playgroud.json'
[0m[32m[D][0m Cache miss for scala instance org.scala-lang:scala-compiler:2.13.1.
[0m[32m[D][0m   => /Users/juanmorales/Library/Caches/Coursier/v1/https/repo1.maven.org/maven2/jline/jline/2.14.6/jline-2.14.6.jar
[0m[32m[D][0m   => /Users/juanmorales/Library/Caches/Coursier/v1/https/repo1.maven.org/maven2/org/fusesource/jansi/jansi/1.12/jansi-1.12.jar
[0m[32m[D][0m   => /Users/juanmorales/Library/Caches/Coursier/v1/https/repo1.maven.org/maven2/org/scala-lang/scala-compiler/2.13.1/scala-compiler-2.13.1.jar
[0m[32m[D][0m   => /Users/juanmorales/Library/Caches/Coursier/v1/https/repo1.maven.org/maven2/org/scala-lang/scala-library/2.13.1/scala-library-2.13.1.jar
[0m[32m[D][0m   => /Users/juanmorales/Library/Caches/Coursier/v1/https/repo1.maven.org/maven2/org/scala-lang/scala-reflect/2.13.1/scala-reflect-2.13.1.jar
[0m[32m[D][0m Missing analysis file for project 'cats-effects-playgroud-test'
[0m[32m[D][0m Missing analysis file for project 'cats-effects-playgroud'
[0m[32m[D][0m Waiting for a connection at local:///var/folders/6n/n9lkzbgj2h32lww0vnkwqmzh0000gp/T/bsp-launcher13811445262263529205/bsp.socket...
The server is listening for incoming connections at local:///var/folders/6n/n9lkzbgj2h32lww0vnkwqmzh0000gp/T/bsp-launcher13811445262263529205/bsp.socket...
Starting thread that pumps stdin and redirects it to the bsp server...
Starting thread that pumps server stdout and redirects it to the client stdout...
[0m2021.07.09 13:48:05 INFO  tracing is disabled for protocol BSP, to enable tracing of incoming and outgoing JSON messages create an empty file at /Users/juanmorales/Library/Caches/org.scalameta.metals/bsp.trace.json[0m
[0m2021.07.09 13:48:09 INFO  Attempting to connect to the build server...[0m
Starting the bsp launcher for bloop...[0m
2021.07.09 13:48:09 INFO  Attempting to connect to the build server...[0m
Opening a bsp server connection with 'bsp --protocol local --socket /var/folders/6n/n9lkzbgj2h32lww0vnkwqmzh0000gp/T/bsp-launcher702513723553844711/bsp.socket'...
Waiting for the bsp connection to come up...
Starting the bsp launcher for bloop...
Opening a bsp server connection with 'bsp --protocol local --socket /var/folders/6n/n9lkzbgj2h32lww0vnkwqmzh0000gp/T/bsp-launcher723943802986576351/bsp.socket'...
Waiting for the bsp connection to come up...
[0m[32m[D][0m Loading workspace settings from bloop.settings.json
[0m[32m[D][0m Waiting for a connection at local:///var/folders/6n/n9lkzbgj2h32lww0vnkwqmzh0000gp/T/bsp-launcher702513723553844711/bsp.socket...
The server is listening for incoming connections at local:///var/folders/6n/n9lkzbgj2h32lww0vnkwqmzh0000gp/T/bsp-launcher702513723553844711/bsp.socket...
[0m[32m[D][0m Loading workspace settings from bloop.settings.json
[0m[32m[D][0m Waiting for a connection at local:///var/folders/6n/n9lkzbgj2h32lww0vnkwqmzh0000gp/T/bsp-launcher723943802986576351/bsp.socket...
The server is listening for incoming connections at local:///var/folders/6n/n9lkzbgj2h32lww0vnkwqmzh0000gp/T/bsp-launcher723943802986576351/bsp.socket...
Starting thread that pumps stdin and redirects it to the bsp server...
Starting thread that pumps server stdout and redirects it to the client stdout...
Starting thread that pumps stdin and redirects it to the bsp server...
Starting thread that pumps server stdout and redirects it to the client stdout...
[0m2021.07.09 13:48:09 INFO  tracing is disabled for protocol BSP, to enable tracing of incoming and outgoing JSON messages create an empty file at /Users/juanmorales/Library/Caches/org.scalameta.metals/bsp.trace.json[0m
[0m2021.07.09 13:48:09 INFO  tracing is disabled for protocol BSP, to enable tracing of incoming and outgoing JSON messages create an empty file at /Users/juanmorales/Library/Caches/org.scalameta.metals/bsp.trace.json[0m
[0m2021.07.09 13:48:10 INFO  time: Connected to build server in 7.03s[0m
[0m2021.07.09 13:48:10 INFO  Connected to Build server: Bloop v1.4.8-19-4d9f966b[0m
[0m2021.07.09 13:48:14 INFO  time: indexed workspace in 3.08s[0m
[0m2021.07.09 13:48:17 INFO  time: code lens generation in 3.21s[0m
[0m2021.07.09 13:48:17 INFO  time: code lens generation in 3.49s[0m
[0m2021.07.09 13:48:49 INFO  running '/Library/Java/JavaVirtualMachines/jdk-11.0.11.jdk/Contents/Home/bin/java -Djline.terminal=jline.UnsupportedTerminal -Dsbt.log.noformat=true -Dfile.encoding=UTF-8 -jar /var/folders/6n/n9lkzbgj2h32lww0vnkwqmzh0000gp/T/metals5275408551750029164/sbt-launch.jar -Dbloop.export-jar-classifiers=sources bloopInstall'[0m
[0m2021.07.09 13:48:52 INFO  [info] Loading global plugins from /Users/juanmorales/.sbt/1.0/plugins[0m
[0m2021.07.09 13:48:52 INFO  [info] Loading settings for project cats-effects-playgroud-build-build-build from metals.sbt ...[0m
[0m2021.07.09 13:48:52 INFO  [info] Loading project definition from /Users/juanmorales/source/cats-effects-playground/cats-effects-playgroud/project/project/project[0m
[0m2021.07.09 13:48:53 INFO  [info] Loading settings for project cats-effects-playgroud-build-build from metals.sbt ...[0m
[0m2021.07.09 13:48:53 INFO  [info] Loading project definition from /Users/juanmorales/source/cats-effects-playground/cats-effects-playgroud/project/project[0m
[0m2021.07.09 13:48:54 INFO  [success] Generated .bloop/cats-effects-playgroud-build-build.json[0m
[0m2021.07.09 13:48:54 INFO  [success] Total time: 1 s, completed 9 Jul 2021, 13:48:54[0m
[0m2021.07.09 13:48:54 INFO  [info] Loading settings for project cats-effects-playgroud-build from plugins.sbt,metals.sbt ...[0m
[0m2021.07.09 13:48:54 INFO  [info] Loading project definition from /Users/juanmorales/source/cats-effects-playground/cats-effects-playgroud/project[0m
[0m2021.07.09 13:48:54 INFO  [success] Generated .bloop/cats-effects-playgroud-build.json[0m
[0m2021.07.09 13:48:54 INFO  [success] Total time: 0 s, completed 9 Jul 2021, 13:48:55[0m
[0m2021.07.09 13:48:56 INFO  [info] Loading settings for project cats-effects-playgroud from build.sbt ...[0m
[0m2021.07.09 13:48:56 INFO  [info] Set current project to cats-effects-playgroud (in build file:/Users/juanmorales/source/cats-effects-playground/cats-effects-playgroud/)[0m
[0m2021.07.09 13:49:00 INFO  [success] Generated .bloop/cats-effects-playgroud-test.json[0m
[0m2021.07.09 13:49:00 INFO  [success] Generated .bloop/cats-effects-playgroud.json[0m
[0m2021.07.09 13:49:00 INFO  [success] Total time: 3 s, completed 9 Jul 2021, 13:49:00[0m
[0m2021.07.09 13:49:00 INFO  sbt bloopInstall exit: 0[0m
[0m2021.07.09 13:49:00 INFO  time: ran 'sbt bloopInstall' in 11s[0m
[0m2021.07.09 13:49:00 INFO  Disconnecting from Bloop session...[0m
[0m2021.07.09 13:49:00 INFO  Shut down connection with build server.[0m
[0m2021.07.09 13:49:00 INFO  Shut down connection with build server.[0m
[0m2021.07.09 13:49:00 INFO  Shut down connection with build server.[0m
No more data in the client stdin, exiting...
No more data in the client stdin, exiting...
No more data in the client stdin, exiting...
[0m2021.07.09 13:49:00 INFO  Attempting to connect to the build server...[0m
Starting the bsp launcher for bloop...
Opening a bsp server connection with 'bsp --protocol local --socket /var/folders/6n/n9lkzbgj2h32lww0vnkwqmzh0000gp/T/bsp-launcher2996349897288572153/bsp.socket'...
Waiting for the bsp connection to come up...
No more data in the server stdin, exiting...
No more data in the server stdin, exiting...
No more data in the server stdin, exiting...
No more data in the server stdin, exiting...
No more data in the server stdin, exiting...
No more data in the server stdin, exiting...
Waiting for the bsp connection to come up...
Waiting for the bsp connection to come up...
Waiting for the bsp connection to come up...
Waiting for the bsp connection to come up...
Waiting for the bsp connection to come up...
Waiting for the bsp connection to come up...
Waiting for the bsp connection to come up...
Waiting for the bsp connection to come up...
Waiting for the bsp connection to come up...
Waiting for the bsp connection to come up...
Waiting for the bsp connection to come up...
[0m[32m[D][0m Loading workspace settings from bloop.settings.json
[0m[32m[D][0m Loading 2 projects from '/Users/juanmorales/source/cats-effects-playground/cats-effects-playgroud/.bloop'...
[0m[32m[D][0m Loading project from '/Users/juanmorales/source/cats-effects-playground/cats-effects-playgroud/.bloop/cats-effects-playgroud-test.json'
[0m[32m[D][0m Loading project from '/Users/juanmorales/source/cats-effects-playground/cats-effects-playgroud/.bloop/cats-effects-playgroud.json'
[0m[32m[D][0m Cache miss for scala instance org.scala-lang:scala-compiler:2.13.6.
[0m[32m[D][0m   => /Users/juanmorales/Library/Caches/Coursier/v1/https/repo1.maven.org/maven2/net/java/dev/jna/jna/5.3.1/jna-5.3.1.jar
[0m[32m[D][0m   => /Users/juanmorales/Library/Caches/Coursier/v1/https/repo1.maven.org/maven2/org/jline/jline/3.19.0/jline-3.19.0.jar
[0m[32m[D][0m   => /Users/juanmorales/Library/Caches/Coursier/v1/https/repo1.maven.org/maven2/org/scala-lang/scala-compiler/2.13.6/scala-compiler-2.13.6.jar
[0m[32m[D][0m   => /Users/juanmorales/Library/Caches/Coursier/v1/https/repo1.maven.org/maven2/org/scala-lang/scala-library/2.13.6/scala-library-2.13.6.jar
[0m[32m[D][0m   => /Users/juanmorales/Library/Caches/Coursier/v1/https/repo1.maven.org/maven2/org/scala-lang/scala-reflect/2.13.6/scala-reflect-2.13.6.jar
[0m[32m[D][0m Resolving org.scalameta:semanticdb-scalac_2.13.6:4.4.20
[0m[32m[D][0m Configured SemanticDB in projects 'cats-effects-playgroud-test', 'cats-effects-playgroud'
[0m[32m[D][0m Waiting for a connection at local:///var/folders/6n/n9lkzbgj2h32lww0vnkwqmzh0000gp/T/bsp-launcher2996349897288572153/bsp.socket...
The server is listening for incoming connections at local:///var/folders/6n/n9lkzbgj2h32lww0vnkwqmzh0000gp/T/bsp-launcher2996349897288572153/bsp.socket...
Starting thread that pumps stdin and redirects it to the bsp server...
Starting thread that pumps server stdout and redirects it to the client stdout...
[0m2021.07.09 13:49:12 INFO  tracing is disabled for protocol BSP, to enable tracing of incoming and outgoing JSON messages create an empty file at /Users/juanmorales/Library/Caches/org.scalameta.metals/bsp.trace.json[0m
[0m2021.07.09 13:49:12 INFO  Attempting to connect to the build server...[0m
Starting the bsp launcher for bloop...
[0m2021.07.09 13:49:12 INFO  Attempting to connect to the build server...[0m
Opening a bsp server connection with 'bsp --protocol local --socket /var/folders/6n/n9lkzbgj2h32lww0vnkwqmzh0000gp/T/bsp-launcher13457243186285435705/bsp.socket'...
Waiting for the bsp connection to come up...
Starting the bsp launcher for bloop...
Opening a bsp server connection with 'bsp --protocol local --socket /var/folders/6n/n9lkzbgj2h32lww0vnkwqmzh0000gp/T/bsp-launcher5251639548919640114/bsp.socket'...
Waiting for the bsp connection to come up...
[0m[32m[D][0m Loading workspace settings from bloop.settings.json
[0m[32m[D][0m Waiting for a connection at local:///var/folders/6n/n9lkzbgj2h32lww0vnkwqmzh0000gp/T/bsp-launcher13457243186285435705/bsp.socket...
The server is listening for incoming connections at local:///var/folders/6n/n9lkzbgj2h32lww0vnkwqmzh0000gp/T/bsp-launcher13457243186285435705/bsp.socket...
[0m[32m[D][0m Loading workspace settings from bloop.settings.json
[0m[32m[D][0m Waiting for a connection at local:///var/folders/6n/n9lkzbgj2h32lww0vnkwqmzh0000gp/T/bsp-launcher5251639548919640114/bsp.socket...
The server is listening for incoming connections at local:///var/folders/6n/n9lkzbgj2h32lww0vnkwqmzh0000gp/T/bsp-launcher5251639548919640114/bsp.socket...
Starting thread that pumps stdin and redirects it to the bsp server...
Starting thread that pumps stdin and redirects it to the bsp server...
Starting thread that pumps server stdout and redirects it to the client stdout...
Starting thread that pumps server stdout and redirects it to the client stdout...
[0m2021.07.09 13:49:12 INFO  tracing is disabled for protocol BSP, to enable tracing of incoming and outgoing JSON messages create an empty file at /Users/juanmorales/Library/Caches/org.scalameta.metals/bsp.trace.json[0m
[0m2021.07.09 13:49:12 INFO  tracing is disabled for protocol BSP, to enable tracing of incoming and outgoing JSON messages create an empty file at /Users/juanmorales/Library/Caches/org.scalameta.metals/bsp.trace.json[0m
[0m2021.07.09 13:49:12 INFO  time: Connected to build server in 12s[0m
[0m2021.07.09 13:49:12 INFO  Connected to Build server: Bloop v1.4.8-19-4d9f966b[0m
[0m2021.07.09 13:49:13 INFO  time: indexed workspace in 1.23s[0m
[0m2021.07.09 13:49:50 INFO  compiling cats-effects-playgroud (1 scala source)[0m
Jul 09, 2021 1:49:52 PM org.eclipse.lsp4j.jsonrpc.RemoteEndpoint handleCancellation
WARNING: Unmatched cancel notification for request id 82
'nullary-override' is not a valid choice for '-Xlint'
[0m2021.07.09 13:49:58 ERROR 'nullary-override' is not a valid choice for '-Xlint'[0m
[0m2021.07.09 13:49:59 INFO  time: compiled cats-effects-playgroud in 8.09s[0m
'nullary-override' is not a valid choice for '-Xlint'
[0m2021.07.09 16:41:47 INFO  compiling cats-effects-playgroud (1 scala source)[0m
[0m2021.07.09 16:41:47 ERROR 'nullary-override' is not a valid choice for '-Xlint'[0m
[0m2021.07.09 16:41:47 INFO  time: compiled cats-effects-playgroud in 0.78s[0m
'nullary-override' is not a valid choice for '-Xlint'
[0m2021.07.09 16:42:43 INFO  compiling cats-effects-playgroud (1 scala source)[0m
[0m2021.07.09 16:42:43 ERROR 'nullary-override' is not a valid choice for '-Xlint'[0m
[0m2021.07.09 16:42:43 INFO  time: compiled cats-effects-playgroud in 0.11s[0m
'nullary-override' is not a valid choice for '-Xlint'
[0m2021.07.09 16:42:55 INFO  compiling cats-effects-playgroud (1 scala source)[0m
[0m2021.07.09 16:42:55 ERROR 'nullary-override' is not a valid choice for '-Xlint'[0m
[0m2021.07.09 16:42:55 INFO  time: compiled cats-effects-playgroud in 0.66s[0m
'nullary-override' is not a valid choice for '-Xlint'
[0m2021.07.09 16:43:07 INFO  /Users/juanmorales/source/cats-effects-playground/cats-effects-playgroud/src/main/scala/com/de/playground/Main.scala:3:1: stale bloop error: Unused import
import cats.instances.string._
^^^^^^^^^^^^^^^^^^^^^^^^^^^^^^[0m
[0m2021.07.09 16:43:07 INFO  /Users/juanmorales/source/cats-effects-playground/cats-effects-playgroud/src/main/scala/com/de/playground/Main.scala:4:1: stale bloop error: Unused import
import cats.syntax.semigroup._
^^^^^^^^^^^^^^^^^^^^^^^^^^^^^^[0m
[0m2021.07.09 16:43:07 INFO  /Users/juanmorales/source/cats-effects-playground/cats-effects-playgroud/src/main/scala/com/de/playground/Main.scala:3:1: stale bloop error: Unused import
import cats.instances.string._
^^^^^^^^^^^^^^^^^^^^^^^^^^^^^^[0m
[0m2021.07.09 16:43:07 INFO  /Users/juanmorales/source/cats-effects-playground/cats-effects-playgroud/src/main/scala/com/de/playground/Main.scala:4:1: stale bloop error: Unused import
import cats.syntax.semigroup._
^^^^^^^^^^^^^^^^^^^^^^^^^^^^^^[0m
[0m2021.07.09 16:43:08 INFO  Organize imports requires saving the file first[0m
[0m2021.07.09 16:43:12 INFO  Organize imports requires saving the file first[0m
[0m2021.07.09 16:43:12 INFO  Organize imports requires saving the file first[0m
[0m2021.07.09 16:43:12 INFO  Organize imports requires saving the file first[0m
[0m2021.07.09 16:43:15 INFO  compiling cats-effects-playgroud (1 scala source)[0m
[0m2021.07.09 16:43:15 ERROR 'nullary-override' is not a valid choice for '-Xlint'[0m
[0m2021.07.09 16:43:15 INFO  time: compiled cats-effects-playgroud in 0.6s[0m
[0m2021.07.09 16:55:12 INFO  tracing is disabled for protocol dap-server, to enable tracing of incoming and outgoing JSON messages create an empty file at /Users/juanmorales/Library/Caches/org.scalameta.metals/dap-server.trace.json[0m
[0m2021.07.09 16:55:12 INFO  tracing is disabled for protocol dap-client, to enable tracing of incoming and outgoing JSON messages create an empty file at /Users/juanmorales/Library/Caches/org.scalameta.metals/dap-client.trace.json[0m
[0m2021.07.09 16:55:13 INFO  Starting debug proxy for [com.de.playground.Main][0m
[0m2021.07.09 16:55:13 INFO  Listening for transport dt_socket at address: 53941[0m
[0m2021.07.09 16:55:13 INFO  Trying to attach to remote debuggee VM localhost:53941 .[0m
[0m2021.07.09 16:55:13 INFO  Attaching to debuggee VM succeeded.[0m
[0m2021.07.09 16:55:13 WARN  [Warn] The debugger and the debuggee are running in different versions of JVMs. You could see wrong source mapping results.
Debugger JVM version: 1.8.0_282
Debuggee JVM version: 11.0.11[0m
[0m2021.07.09 16:55:13 INFO  Hello[0m
[0m2021.07.09 16:55:13 INFO  Canceling debug proxy for [com.de.playground.Main][0m
Jul 09, 2021 4:55:13 PM org.eclipse.lsp4j.jsonrpc.json.StreamMessageProducer fireError
SEVERE: java.net.SocketException: Socket closed
org.eclipse.lsp4j.jsonrpc.JsonRpcException: java.net.SocketException: Socket closed
	at org.eclipse.lsp4j.jsonrpc.json.StreamMessageConsumer.consume(StreamMessageConsumer.java:72)
	at scala.meta.internal.metals.debug.SocketEndpoint.consume(SocketEndpoint.scala:22)
	at scala.meta.internal.metals.debug.MessageIdAdapter.consume(MessageIdAdapter.scala:43)
	at scala.meta.internal.metals.debug.ServerAdapter.send(ServerAdapter.scala:30)
	at scala.meta.internal.metals.debug.DebugProxy.$anonfun$handleClientMessage$1(DebugProxy.scala:89)
	at scala.meta.internal.metals.debug.MessageIdAdapter.$anonfun$listen$1(MessageIdAdapter.scala:57)
	at org.eclipse.lsp4j.jsonrpc.json.StreamMessageProducer.handleMessage(StreamMessageProducer.java:194)
	at org.eclipse.lsp4j.jsonrpc.json.StreamMessageProducer.listen(StreamMessageProducer.java:94)
	at scala.meta.internal.metals.debug.SocketEndpoint.listen(SocketEndpoint.scala:26)
	at scala.meta.internal.metals.debug.MessageIdAdapter.listen(MessageIdAdapter.scala:47)
	at scala.meta.internal.metals.debug.DebugProxy.$anonfun$listenToClient$1(DebugProxy.scala:54)
	at scala.runtime.java8.JFunction0$mcV$sp.apply(JFunction0$mcV$sp.java:23)
	at scala.concurrent.Future$.$anonfun$apply$1(Future.scala:659)
	at scala.util.Success.$anonfun$map$1(Try.scala:255)
	at scala.util.Success.map(Try.scala:213)
	at scala.concurrent.Future.$anonfun$map$1(Future.scala:292)
	at scala.concurrent.impl.Promise.liftedTree1$1(Promise.scala:33)
	at scala.concurrent.impl.Promise.$anonfun$transform$1(Promise.scala:33)
	at scala.concurrent.impl.CallbackRunnable.run(Promise.scala:64)
	at java.base/java.util.concurrent.ThreadPoolExecutor.runWorker(ThreadPoolExecutor.java:1128)
	at java.base/java.util.concurrent.ThreadPoolExecutor$Worker.run(ThreadPoolExecutor.java:628)
	at java.base/java.lang.Thread.run(Thread.java:834)
Caused by: java.net.SocketException: Socket closed
	at java.base/java.net.SocketOutputStream.socketWrite(SocketOutputStream.java:113)
	at java.base/java.net.SocketOutputStream.write(SocketOutputStream.java:150)
	at java.base/java.io.BufferedOutputStream.flushBuffer(BufferedOutputStream.java:81)
	at java.base/java.io.BufferedOutputStream.flush(BufferedOutputStream.java:142)
	at org.eclipse.lsp4j.jsonrpc.json.StreamMessageConsumer.consume(StreamMessageConsumer.java:69)
	... 21 more

[0m2021.07.09 16:55:22 INFO  Deduplicating compilation of cats-effects-playgroud from bsp client 'Metals 0.10.4' (since 3h 6m 10.03s)[0m
[0m2021.07.09 16:55:22 INFO  tracing is disabled for protocol dap-server, to enable tracing of incoming and outgoing JSON messages create an empty file at /Users/juanmorales/Library/Caches/org.scalameta.metals/dap-server.trace.json[0m
[0m2021.07.09 16:55:22 INFO  tracing is disabled for protocol dap-client, to enable tracing of incoming and outgoing JSON messages create an empty file at /Users/juanmorales/Library/Caches/org.scalameta.metals/dap-client.trace.json[0m
[0m2021.07.09 16:55:22 INFO  Starting debug proxy for [com.de.playground.Main][0m
[0m2021.07.09 16:55:22 INFO  Listening for transport dt_socket at address: 53951[0m
[0m2021.07.09 16:55:22 INFO  Trying to attach to remote debuggee VM localhost:53951 .[0m
[0m2021.07.09 16:55:22 INFO  Attaching to debuggee VM succeeded.[0m
[0m2021.07.09 16:55:22 WARN  [Warn] The debugger and the debuggee are running in different versions of JVMs. You could see wrong source mapping results.
Debugger JVM version: 1.8.0_282
Debuggee JVM version: 11.0.11[0m
[0m2021.07.09 16:55:22 INFO  Hello[0m
[0m2021.07.09 16:55:23 INFO  Canceling debug proxy for [com.de.playground.Main][0m
'nullary-override' is not a valid choice for '-Xlint'
[0m2021.07.09 16:55:33 INFO  compiling cats-effects-playgroud (1 scala source)[0m
[0m2021.07.09 16:55:33 ERROR 'nullary-override' is not a valid choice for '-Xlint'[0m
[0m2021.07.09 16:55:33 INFO  time: compiled cats-effects-playgroud in 0.81s[0m
[0m2021.07.09 16:55:34 INFO  Deduplicating compilation of cats-effects-playgroud from bsp client 'Metals 0.10.4' (since 3h 6m 21.942s)[0m
[0m2021.07.09 16:55:34 INFO  tracing is disabled for protocol dap-server, to enable tracing of incoming and outgoing JSON messages create an empty file at /Users/juanmorales/Library/Caches/org.scalameta.metals/dap-server.trace.json[0m
[0m2021.07.09 16:55:34 INFO  tracing is disabled for protocol dap-client, to enable tracing of incoming and outgoing JSON messages create an empty file at /Users/juanmorales/Library/Caches/org.scalameta.metals/dap-client.trace.json[0m
[0m2021.07.09 16:55:34 INFO  Starting debug proxy for [com.de.playground.Main][0m
[0m2021.07.09 16:55:34 INFO  Listening for transport dt_socket at address: 53964[0m
[0m2021.07.09 16:55:34 INFO  Trying to attach to remote debuggee VM localhost:53964 .[0m
[0m2021.07.09 16:55:34 INFO  Attaching to debuggee VM succeeded.[0m
[0m2021.07.09 16:55:34 WARN  [Warn] The debugger and the debuggee are running in different versions of JVMs. You could see wrong source mapping results.
Debugger JVM version: 1.8.0_282
Debuggee JVM version: 11.0.11[0m
[0m2021.07.09 16:55:34 INFO  Hello[0m
[0m2021.07.09 16:55:34 INFO  Hello[0m
[0m2021.07.09 16:55:34 INFO  Hello[0m
[0m2021.07.09 16:55:34 INFO  Canceling debug proxy for [com.de.playground.Main][0m
'nullary-override' is not a valid choice for '-Xlint'
[0m2021.07.09 17:05:41 INFO  compiling cats-effects-playgroud (1 scala source)[0m
[0m2021.07.09 17:05:41 ERROR 'nullary-override' is not a valid choice for '-Xlint'[0m
[0m2021.07.09 17:05:41 INFO  time: compiled cats-effects-playgroud in 94ms[0m
'nullary-override' is not a valid choice for '-Xlint'
[0m2021.07.09 17:06:42 INFO  compiling cats-effects-playgroud (1 scala source)[0m
[0m2021.07.09 17:06:42 ERROR 'nullary-override' is not a valid choice for '-Xlint'[0m
[0m2021.07.09 17:06:42 INFO  time: compiled cats-effects-playgroud in 0.59s[0m
[0m2021.07.09 17:07:10 INFO  Deduplicating compilation of cats-effects-playgroud from bsp client 'Metals 0.10.4' (since 3h 17m 57.952s)[0m
[0m2021.07.09 17:07:10 INFO  tracing is disabled for protocol dap-server, to enable tracing of incoming and outgoing JSON messages create an empty file at /Users/juanmorales/Library/Caches/org.scalameta.metals/dap-server.trace.json[0m
[0m2021.07.09 17:07:10 INFO  tracing is disabled for protocol dap-client, to enable tracing of incoming and outgoing JSON messages create an empty file at /Users/juanmorales/Library/Caches/org.scalameta.metals/dap-client.trace.json[0m
[0m2021.07.09 17:07:10 INFO  Starting debug proxy for [com.de.playground.Main][0m
[0m2021.07.09 17:07:10 INFO  Listening for transport dt_socket at address: 54010[0m
[0m2021.07.09 17:07:10 INFO  Trying to attach to remote debuggee VM localhost:54010 .[0m
[0m2021.07.09 17:07:10 INFO  Attaching to debuggee VM succeeded.[0m
[0m2021.07.09 17:07:10 WARN  [Warn] The debugger and the debuggee are running in different versions of JVMs. You could see wrong source mapping results.
Debugger JVM version: 1.8.0_282
Debuggee JVM version: 11.0.11[0m
[0m2021.07.09 17:07:10 INFO  hello[0m
[0m2021.07.09 17:07:10 INFO  Canceling debug proxy for [com.de.playground.Main][0m
[0m2021.07.09 17:58:57 INFO  shutting down Metals[0m
[0m2021.07.09 17:58:57 INFO  Shut down connection with build server.[0m
[0m2021.07.09 17:58:57 INFO  Shut down connection with build server.[0m
No more data in the client stdin, exiting...
[0m2021.07.09 17:58:57 No more data in the client stdin, exiting...INFO 
 Shut down connection with build server.[0m
No more data in the server stdin, exiting...
No more data in the server stdin, exiting...
No more data in the server stdin, exiting...
No more data in the server stdin, exiting...
No more data in the client stdin, exiting...
No more data in the server stdin, exiting...
No more data in the server stdin, exiting...
[0m2021.07.12 08:57:28 INFO  Started: Metals version 0.10.4 in workspace '/Users/juanmorales/source/cats-effects-playground/cats-effects-playgroud' for client Visual Studio Code 1.58.0.[0m
[0m2021.07.12 08:57:30 INFO  time: initialize in 1.84s[0m
[0m2021.07.12 08:57:30 INFO  Attempting to connect to the build server...[0m
Starting the bsp launcher for bloop...
Opening a bsp server connection with 'bsp --protocol local --socket /var/folders/6n/n9lkzbgj2h32lww0vnkwqmzh0000gp/T/bsp-launcher1790765204085848357/bsp.socket'...
Waiting for the bsp connection to come up...
[0m2021.07.12 08:57:30 WARN  no build target for: /Users/juanmorales/source/cats-effects-playground/cats-effects-playgroud/src/main/scala/com/de/playground/Main.scala[0m
[0m2021.07.12 08:57:30 INFO  skipping build import with status 'Installed'[0m
Waiting for the bsp connection to come up...
Waiting for the bsp connection to come up...
[0m2021.07.12 08:57:33 INFO  no build target: using presentation compiler with only scala-library: 2.12.14[0m
Waiting for the bsp connection to come up...
No server running at 127.0.0.1:8212, let's fire one...
Resolving ch.epfl.scala:bloop-frontend_2.12:1.4.8-19-4d9f966b...
Starting bloop server at 127.0.0.1:8212...
Attempting a connection to the server...
Attempting a connection to the server...
Attempting a connection to the server...
Attempting a connection to the server...
Attempting a connection to the server...
Attempting a connection to the server...
Attempting a connection to the server...
[0m[32m[D][0m Loading workspace settings from bloop.settings.json
[0m[32m[D][0m Loading 2 projects from '/Users/juanmorales/source/cats-effects-playground/cats-effects-playgroud/.bloop'...
[0m[32m[D][0m Loading project from '/Users/juanmorales/source/cats-effects-playground/cats-effects-playgroud/.bloop/cats-effects-playgroud.json'
[0m[32m[D][0m Loading project from '/Users/juanmorales/source/cats-effects-playground/cats-effects-playgroud/.bloop/cats-effects-playgroud-test.json'
[0m[32m[D][0m Cache miss for scala instance org.scala-lang:scala-compiler:2.13.6.
[0m[32m[D][0m   => /Users/juanmorales/Library/Caches/Coursier/v1/https/repo1.maven.org/maven2/net/java/dev/jna/jna/5.3.1/jna-5.3.1.jar
[0m[32m[D][0m   => /Users/juanmorales/Library/Caches/Coursier/v1/https/repo1.maven.org/maven2/org/jline/jline/3.19.0/jline-3.19.0.jar
[0m[32m[D][0m   => /Users/juanmorales/Library/Caches/Coursier/v1/https/repo1.maven.org/maven2/org/scala-lang/scala-compiler/2.13.6/scala-compiler-2.13.6.jar
[0m[32m[D][0m   => /Users/juanmorales/Library/Caches/Coursier/v1/https/repo1.maven.org/maven2/org/scala-lang/scala-library/2.13.6/scala-library-2.13.6.jar
[0m[32m[D][0m   => /Users/juanmorales/Library/Caches/Coursier/v1/https/repo1.maven.org/maven2/org/scala-lang/scala-reflect/2.13.6/scala-reflect-2.13.6.jar
[0m[32m[D][0m Configured SemanticDB in projects 'cats-effects-playgroud', 'cats-effects-playgroud-test'
[0m[32m[D][0m Missing analysis file for project 'cats-effects-playgroud-test'
[0m[32m[D][0m Loading previous analysis for 'cats-effects-playgroud' from '/Users/juanmorales/source/cats-effects-playground/cats-effects-playgroud/target/streams/compile/bloopAnalysisOut/_global/streams/inc_compile_2.13.zip'.
[0m[32m[D][0m Waiting for a connection at local:///var/folders/6n/n9lkzbgj2h32lww0vnkwqmzh0000gp/T/bsp-launcher1790765204085848357/bsp.socket...
The server is listening for incoming connections at local:///var/folders/6n/n9lkzbgj2h32lww0vnkwqmzh0000gp/T/bsp-launcher1790765204085848357/bsp.socket...
Starting thread that pumps stdin and redirects it to the bsp server...
Starting thread that pumps server stdout and redirects it to the client stdout...
[0m2021.07.12 08:57:33 INFO  tracing is disabled for protocol BSP, to enable tracing of incoming and outgoing JSON messages create an empty file at /Users/juanmorales/Library/Caches/org.scalameta.metals/bsp.trace.json[0m
[0m2021.07.12 08:57:33 INFO  Attempting to connect to the build server...[0m
Starting the bsp launcher for bloop...
[0m2021.07.12 08:57:33 INFO  Attempting to connect to the build server...[0m
Opening a bsp server connection with 'bsp --protocol local --socket /var/folders/6n/n9lkzbgj2h32lww0vnkwqmzh0000gp/T/bsp-launcher5632039639601697219/bsp.socket'...
Waiting for the bsp connection to come up...
Starting the bsp launcher for bloop...
Opening a bsp server connection with 'bsp --protocol local --socket /var/folders/6n/n9lkzbgj2h32lww0vnkwqmzh0000gp/T/bsp-launcher581006185697877561/bsp.socket'...
Waiting for the bsp connection to come up...
[0m[32m[D][0m Loading workspace settings from bloop.settings.json
[0m[32m[D][0m Waiting for a connection at local:///var/folders/6n/n9lkzbgj2h32lww0vnkwqmzh0000gp/T/bsp-launcher581006185697877561/bsp.socket...
The server is listening for incoming connections at local:///var/folders/6n/n9lkzbgj2h32lww0vnkwqmzh0000gp/T/bsp-launcher581006185697877561/bsp.socket...
Starting thread that pumps stdin and redirects it to the bsp server...
Starting thread that pumps server stdout and redirects it to the client stdout...
[0m2021.07.12 08:57:34 INFO  tracing is disabled for protocol BSP, to enable tracing of incoming and outgoing JSON messages create an empty file at /Users/juanmorales/Library/Caches/org.scalameta.metals/bsp.trace.json[0m
[0m[32m[D][0m Loading workspace settings from bloop.settings.json
[0m[32m[D][0m Waiting for a connection at local:///var/folders/6n/n9lkzbgj2h32lww0vnkwqmzh0000gp/T/bsp-launcher5632039639601697219/bsp.socket...
The server is listening for incoming connections at local:///var/folders/6n/n9lkzbgj2h32lww0vnkwqmzh0000gp/T/bsp-launcher5632039639601697219/bsp.socket...
Starting thread that pumps stdin and redirects it to the bsp server...
Starting thread that pumps server stdout and redirects it to the client stdout...
[0m2021.07.12 08:57:34 INFO  tracing is disabled for protocol BSP, to enable tracing of incoming and outgoing JSON messages create an empty file at /Users/juanmorales/Library/Caches/org.scalameta.metals/bsp.trace.json[0m
[0m2021.07.12 08:57:34 INFO  time: Connected to build server in 3.83s[0m
[0m2021.07.12 08:57:34 INFO  Connected to Build server: Bloop v1.4.8-19-4d9f966b[0m
[0m2021.07.12 08:57:34 INFO  time: Imported build in 0.13s[0m
[0m2021.07.12 08:57:37 INFO  time: indexed workspace in 3.54s[0m
'nullary-override' is not a valid choice for '-Xlint'
